2026-02-21 19:21:20,812 - INFO - Starting GSE Stock Tracker loop...
2026-02-21 19:21:20,812 - INFO - Monitoring: CAL, MTNGH, SOGEGH
2026-02-21 19:21:20,812 - INFO - --- Scanning Market ---
2026-02-21 19:21:20,813 - INFO - Market is currently closed. Skipping scan.
2026-02-21 19:21:20,813 - INFO - Sleeping for 60.0 minutes...
2026-02-21 19:21:32,297 - INFO - Tracking stopped by user.
2026-02-21 19:25:30,077 - INFO - Starting GSE Stock Tracker loop...
2026-02-21 19:25:30,078 - INFO - Monitoring: CAL, MTNGH, SOGEGH, GCB, EGH, SCB, GOIL, TOTAL, FML, BOPP, UNIL
2026-02-21 19:25:30,078 - INFO - --- Scanning Market ---
2026-02-21 19:25:30,079 - INFO - Market is currently closed. Skipping scan.
2026-02-21 19:25:30,079 - INFO - Sleeping for 60.0 minutes...
2026-02-21 19:25:41,045 - INFO - Tracking stopped by user.
2026-02-21 19:27:42,045 - INFO - Starting GSE Stock Tracker loop...
2026-02-21 19:27:42,046 - INFO - Monitoring: CAL, MTNGH, SOGEGH, GCB, EGH, SCB, GOIL, TOTAL, FML, BOPP, UNIL
2026-02-21 19:27:42,046 - INFO - --- Scanning Market ---
2026-02-21 19:27:42,046 - INFO - Market is currently closed. Skipping scan.
2026-02-21 19:27:42,046 - INFO - Sleeping for 60.0 minutes...
2026-02-21 19:27:52,213 - INFO - Tracking stopped by user.
2026-02-21 19:27:54,439 - INFO - --- Scanning Market ---
2026-02-21 19:27:57,294 - INFO - CAL: GHS 0.94 (Target: SELL at >= 0.94)
2026-02-21 19:27:57,295 - INFO - ALERT: Target hit for CAL! Perform SELL at GHS 0.94!
2026-02-21 19:27:57,296 - INFO - MTNGH: GHS 5.47 (Target: BUY at <= 5.47)
2026-02-21 19:27:57,296 - INFO - ALERT: Target hit for MTNGH! Perform BUY at GHS 5.47!
2026-02-21 19:27:57,297 - INFO - SOGEGH: GHS 6.84 (Target: BUY at <= 6.84)
2026-02-21 19:27:57,297 - INFO - ALERT: Target hit for SOGEGH! Perform BUY at GHS 6.84!
2026-02-21 19:27:57,298 - INFO - GCB: GHS 32.03 (Target: BUY at <= 31.0)
2026-02-21 19:27:57,299 - INFO - EGH: GHS 50.53 (Target: BUY at <= 49.0)
2026-02-21 19:27:57,299 - INFO - SCB: GHS 29.37 (Target: BUY at <= 28.5)
2026-02-21 19:27:57,300 - INFO - GOIL: GHS 3.96 (Target: BUY at <= 3.8)
2026-02-21 19:27:57,301 - INFO - TOTAL: GHS 40.15 (Target: BUY at <= 39.0)
2026-02-21 19:27:57,302 - INFO - FML: GHS 12.97 (Target: BUY at <= 12.5)
2026-02-21 19:27:57,302 - INFO - BOPP: GHS 66.01 (Target: BUY at <= 65.0)
2026-02-21 19:27:57,303 - INFO - UNIL: GHS 25.38 (Target: BUY at <= 24.5)
2026-02-21 19:27:59,526 - INFO - Batched email alert sent for 3 stocks!
2026-02-21 20:07:30,257 - INFO - Starting GSE Stock Tracker loop...
2026-02-21 20:07:30,257 - INFO - Monitoring: CAL, MTNGH, SOGEGH, GCB, EGH, SCB, GOIL, TOTAL, FML, BOPP, UNIL
2026-02-21 20:07:30,257 - INFO - --- Scanning Market ---
2026-02-21 20:07:30,258 - INFO - Market is currently closed. Skipping scan.
2026-02-21 20:07:30,258 - INFO - Sleeping for 60.0 minutes...
2026-02-21 20:07:30,266 - INFO - [31m[1mWARNING: This is a development server. Do not use it in a production deployment. Use a production WSGI server instead.[0m
 * Running on all addresses (0.0.0.0)
 * Running on http://127.0.0.1:8080
 * Running on http://172.20.10.2:8080
2026-02-21 20:07:30,266 - INFO - [33mPress CTRL+C to quit[0m
2026-02-21 20:33:03,703 - INFO - Starting GSE Stock Tracker loop...
2026-02-21 20:33:03,704 - INFO - Monitoring: CAL, MTNGH, SOGEGH, GCB, EGH, SCB, GOIL, TOTAL, FML, BOPP, UNIL
2026-02-21 20:33:03,704 - INFO - --- Scanning Market ---
2026-02-21 20:33:03,705 - INFO - Market is currently closed. Skipping scan.
2026-02-21 20:33:03,705 - INFO - Sleeping for 60.0 minutes...
2026-02-21 20:33:03,712 - INFO - [31m[1mWARNING: This is a development server. Do not use it in a production deployment. Use a production WSGI server instead.[0m
 * Running on all addresses (0.0.0.0)
 * Running on http://127.0.0.1:8080
 * Running on http://10.233.6.174:8080
2026-02-21 20:33:03,712 - INFO - [33mPress CTRL+C to quit[0m
2026-02-21 20:33:31,800 - INFO - Starting GSE Stock Tracker loop...
2026-02-21 20:33:31,800 - INFO - Monitoring: CAL, MTNGH, SOGEGH, GCB, EGH, SCB, GOIL, TOTAL, FML, BOPP, UNIL
2026-02-21 20:33:31,800 - INFO - --- Scanning Market ---
2026-02-21 20:33:31,800 - INFO - Market is currently closed. Skipping scan.
2026-02-21 20:33:31,800 - INFO - Sleeping for 60.0 minutes...
2026-02-21 20:33:31,805 - INFO - [31m[1mWARNING: This is a development server. Do not use it in a production deployment. Use a production WSGI server instead.[0m
 * Running on all addresses (0.0.0.0)
 * Running on http://127.0.0.1:8080
 * Running on http://10.233.6.174:8080
2026-02-21 20:33:31,805 - INFO - [33mPress CTRL+C to quit[0m
2026-02-21 20:36:07,352 - INFO - Starting GSE Stock Tracker loop...
2026-02-21 20:36:07,352 - INFO - Monitoring: CAL, MTNGH, SOGEGH, GCB, EGH, SCB, GOIL, TOTAL, FML, BOPP, UNIL
2026-02-21 20:36:07,352 - INFO - --- Scanning Market ---
2026-02-21 20:36:07,353 - INFO - Market is currently closed. Skipping scan.
2026-02-21 20:36:07,353 - INFO - Sleeping for 60.0 minutes...
2026-02-21 20:36:07,361 - INFO - [31m[1mWARNING: This is a development server. Do not use it in a production deployment. Use a production WSGI server instead.[0m
 * Running on all addresses (0.0.0.0)
 * Running on http://127.0.0.1:8080
 * Running on http://10.233.6.174:8080
2026-02-21 20:36:07,361 - INFO - [33mPress CTRL+C to quit[0m
2026-02-21 20:38:45,365 - INFO - Starting GSE Stock Tracker loop...
2026-02-21 20:38:45,365 - INFO - Monitoring: CAL, MTNGH, SOGEGH, GCB, EGH, SCB, GOIL, TOTAL, FML, BOPP, UNIL
2026-02-21 20:38:45,366 - INFO - --- Scanning Market ---
2026-02-21 20:38:45,366 - INFO - Market is currently closed. Skipping scan.
2026-02-21 20:38:45,366 - INFO - Sleeping for 60.0 minutes...
2026-02-21 20:38:45,377 - INFO - Starting web server on port 8080...
2026-02-21 20:38:45,378 - INFO - Serving on http://0.0.0.0:8080
2026-02-21 20:40:00,350 - INFO - Starting GSE Stock Tracker loop...
2026-02-21 20:40:00,351 - INFO - Monitoring: CAL, MTNGH, SOGEGH, GCB, EGH, SCB, GOIL, TOTAL, FML, BOPP, UNIL
2026-02-21 20:40:00,351 - INFO - --- Scanning Market ---
2026-02-21 20:40:00,351 - INFO - Market is currently closed. Skipping scan.
2026-02-21 20:40:00,351 - INFO - Sleeping for 60.0 minutes...
2026-02-21 20:40:00,361 - INFO - Starting web server on port 8080...
2026-02-21 20:40:00,363 - INFO - Serving on http://0.0.0.0:8080
2026-02-21 20:44:47,929 - INFO - Starting GSE Stock Tracker loop...
2026-02-21 20:44:47,929 - INFO - Monitoring: CAL, MTNGH, SOGEGH, GCB, EGH, SCB, GOIL, TOTAL, FML, BOPP, UNIL
2026-02-21 20:44:47,929 - INFO - --- Scanning Market ---
2026-02-21 20:44:47,930 - INFO - Market is currently closed. Skipping scan.
2026-02-21 20:44:47,930 - INFO - Sleeping for 60.0 minutes...
2026-02-21 20:44:47,944 - INFO - Starting web server on port 8080...
2026-02-21 20:44:47,946 - INFO - Serving on http://0.0.0.0:8080
2026-02-21 20:47:43,668 - INFO - Starting GSE Stock Tracker loop...
2026-02-21 20:47:43,670 - INFO - Monitoring: CAL, MTNGH, SOGEGH, GCB, EGH, SCB, GOIL, TOTAL, FML, BOPP, UNIL
2026-02-21 20:47:43,671 - INFO - --- Scanning Market ---
2026-02-21 20:47:43,672 - INFO - Market is currently closed. Skipping scan.
2026-02-21 20:47:43,673 - INFO - Sleeping for 60.0 minutes...
2026-02-21 20:49:55,555 - INFO - Starting GSE Stock Tracker loop...
2026-02-21 20:49:55,555 - INFO - Monitoring: CAL, MTNGH, SOGEGH, GCB, EGH, SCB, GOIL, TOTAL, FML, BOPP, UNIL
2026-02-21 20:49:55,555 - INFO - --- Scanning Market ---
2026-02-21 20:49:55,556 - INFO - Market is currently closed. Skipping scan.
2026-02-21 20:49:55,556 - INFO - Sleeping for 60.0 minutes...
2026-02-21 20:49:55,563 - INFO - [31m[1mWARNING: This is a development server. Do not use it in a production deployment. Use a production WSGI server instead.[0m
 * Running on all addresses (0.0.0.0)
 * Running on http://127.0.0.1:8080
 * Running on http://172.20.10.2:8080
2026-02-21 20:49:55,564 - INFO - [33mPress CTRL+C to quit[0m
